<?xml version="1.0" encoding="UTF-8"?>
<!-- Generated by org.testng.reporters.JUnitReportReporter -->
<testsuite skipped="0" hostname="DESKTOP-JIJ06RV" name="Testcase.TC001_Amazon" tests="1" failures="0" timestamp="2019-12-14T16:42:38 IST" time="40.000" errors="0">
  <testcase name="Amazon" time="40.000" classname="Testcase.TC001_Amazon"/>
</testsuite> <!-- Testcase.TC001_Amazon -->
